<?xml version="1.0" encoding="UTF-8"?>
<testsuite xmlns:xsi="http://www.w3.org/2001/XMLSchema-instance" xsi:noNamespaceSchemaLocation="https://maven.apache.org/surefire/maven-surefire-plugin/xsd/surefire-test-report-3.0.xsd" version="3.0" name="com.example.demo.DemoApplicationTests" time="67.815" tests="1" errors="0" skipped="0" failures="0">
  <properties>
[...]
</properties>
  <testcase name="testRestEndpoint" classname="com.example.demo.DemoApplicationTests" time="7.735">
    <system-out><![CDATA[10:48:56.978 [main] INFO org.testcontainers.utility.ImageNameSubstitutor -- Image name substitution will be performed by: DefaultImageNameSubstitutor (composite of 'ConfigurationFileImageNameSubstitutor' and 'PrefixingImageNameSubstitutor')
10:48:57.151 [main] INFO org.testcontainers.dockerclient.DockerClientProviderStrategy -- Loaded org.testcontainers.dockerclient.NpipeSocketClientProviderStrategy from ~/.testcontainers.properties, will try it first
10:48:57.341 [main] INFO org.testcontainers.dockerclient.DockerClientProviderStrategy -- Found Docker environment with local Npipe socket (npipe:////./pipe/docker_engine)
10:48:57.343 [main] INFO org.testcontainers.DockerClientFactory -- Docker host IP address is localhost
10:48:57.359 [main] INFO org.testcontainers.DockerClientFactory -- Connected to docker: 
  Server Version: 27.3.1
  API Version: 1.47
  Operating System: Docker Desktop
  Total Memory: 15802 MB
10:48:57.422 [main] INFO tc.testcontainers/ryuk:0.5.1 -- Creating container for image: testcontainers/ryuk:0.5.1
10:48:57.556 [main] INFO org.testcontainers.utility.RegistryAuthLocator -- Credential helper/store (docker-credential-desktop) does not have credentials for https://index.docker.io/v1/
10:49:00.138 [main] INFO tc.testcontainers/ryuk:0.5.1 -- Container testcontainers/ryuk:0.5.1 is starting: 1dd971d15923eda283ad20a225db3fac8512ad1d5c643657e09cfde4fd8125b4
10:49:03.265 [main] INFO tc.testcontainers/ryuk:0.5.1 -- Container testcontainers/ryuk:0.5.1 started in PT5.9009187S
10:49:03.273 [main] INFO org.testcontainers.utility.RyukResourceReaper -- Ryuk started - will monitor and terminate Testcontainers containers on JVM exit
10:49:03.273 [main] INFO org.testcontainers.DockerClientFactory -- Checking the system...
10:49:03.274 [main] INFO org.testcontainers.DockerClientFactory -- ?? Docker server version should be at least 1.6.0
10:49:03.274 [main] INFO tc.openzipkin/zipkin:2.24-arm64 -- Creating container for image: openzipkin/zipkin:2.24-arm64
10:49:05.805 [main] INFO tc.openzipkin/zipkin:2.24-arm64 -- Container openzipkin/zipkin:2.24-arm64 is starting: 9bd7d37037d7538a3ab31ff3f1f466875c3264376b9ddea0ffc8879e121ebddc
10:49:08.388 [main] WARN tc.openzipkin/zipkin:2.24-arm64 -- The architecture 'arm64' for image 'openzipkin/zipkin:2.24-arm64' (ID sha256:85984274948b090d8e1f9d477f98ffa57759d2de4321d3bdd67f9111fd5428fd) does not match the Docker server architecture 'amd64'. This will cause the container to execute much more slowly due to emulation and may lead to timeout failures.
10:49:08.390 [main] INFO org.testcontainers.containers.wait.strategy.HttpWaitStrategy -- /ecstatic_brahmagupta: Waiting for 120 seconds for URL: http://localhost:59714/api/v2/spans?serviceName=anything (where port 59714 maps to container port 9411)
10:49:48.964 [main] INFO tc.openzipkin/zipkin:2.24-arm64 -- Container openzipkin/zipkin:2.24-arm64 started in PT45.6894855S

  .   ____          _            __ _ _
 /\\ / ___'_ __ _ _(_)_ __  __ _ \ \ \ \
( ( )\___ | '_ | '_| | '_ \/ _` | \ \ \ \
 \\/  ___)| |_)| | | | | || (_| |  ) ) ) )
  '  |____| .__|_| |_|_| |_\__, | / / / /
 =========|_|==============|___/=/_/_/_/
 :: Spring Boot ::                (v3.1.3)

2025-05-26T10:49:49.412+05:30  INFO 21680 --- [           main] com.example.demo.DemoApplicationTests    : Starting DemoApplicationTests using Java 17.0.12 with PID 21680 (started by Precise in C:\Users\Precise\Downloads\spring-boot-3-zipkin-main\spring-boot-3-zipkin-main)
2025-05-26T10:49:49.415+05:30  INFO 21680 --- [           main] com.example.demo.DemoApplicationTests    : No active profile set, falling back to 1 default profile: "default"
2025-05-26T10:49:50.956+05:30  INFO 21680 --- [           main] o.s.b.w.embedded.tomcat.TomcatWebServer  : Tomcat initialized with port(s): 0 (http)
2025-05-26T10:49:50.975+05:30  INFO 21680 --- [           main] o.apache.catalina.core.StandardService   : Starting service [Tomcat]
2025-05-26T10:49:50.976+05:30  INFO 21680 --- [           main] o.apache.catalina.core.StandardEngine    : Starting Servlet engine: [Apache Tomcat/10.1.12]
2025-05-26T10:49:51.133+05:30  INFO 21680 --- [           main] o.a.c.c.C.[Tomcat].[localhost].[/]       : Initializing Spring embedded WebApplicationContext
2025-05-26T10:49:51.135+05:30  INFO 21680 --- [           main] w.s.c.ServletWebServerApplicationContext : Root WebApplicationContext: initialization completed in 1693 ms
2025-05-26T10:49:52.272+05:30  INFO 21680 --- [           main] o.s.b.a.e.web.EndpointLinksResolver      : Exposing 4 endpoint(s) beneath base path '/actuator'
2025-05-26T10:49:52.419+05:30  INFO 21680 --- [           main] o.s.b.w.embedded.tomcat.TomcatWebServer  : Tomcat started on port(s): 59802 (http) with context path ''
2025-05-26T10:49:52.437+05:30  INFO 21680 --- [           main] com.example.demo.DemoApplicationTests    : Started DemoApplicationTests in 3.412 seconds (process running for 56.301)
2025-05-26T10:49:53.291+05:30  INFO 21680 --- [o-auto-1-exec-1] o.a.c.c.C.[Tomcat].[localhost].[/]       : Initializing Spring DispatcherServlet 'dispatcherServlet'
2025-05-26T10:49:53.291+05:30  INFO 21680 --- [o-auto-1-exec-1] o.s.web.servlet.DispatcherServlet        : Initializing Servlet 'dispatcherServlet'
2025-05-26T10:49:53.292+05:30  INFO 21680 --- [o-auto-1-exec-1] o.s.web.servlet.DispatcherServlet        : Completed initialization in 1 ms
2025-05-26T10:49:54.455+05:30  WARN 21680 --- [ender@346690d6}] z.r.AsyncReporter$BoundedAsyncReporter   : Spans were dropped due to exceptions. All subsequent errors will be logged at FINE level.
2025-05-26T10:49:54.455+05:30  WARN 21680 --- [ender@346690d6}] z.r.AsyncReporter$BoundedAsyncReporter   : Dropped 101 spans due to ResourceAccessException(I/O error on POST request for "http://localhost:59714/api/v2/spans": Read timed out)

org.springframework.web.client.ResourceAccessException: I/O error on POST request for "http://localhost:59714/api/v2/spans": Read timed out
	at org.springframework.web.client.RestTemplate.createResourceAccessException(RestTemplate.java:888) ~[spring-web-6.0.11.jar:6.0.11]
	at org.springframework.web.client.RestTemplate.doExecute(RestTemplate.java:868) ~[spring-web-6.0.11.jar:6.0.11]
	at org.springframework.web.client.RestTemplate.execute(RestTemplate.java:764) ~[spring-web-6.0.11.jar:6.0.11]
	at org.springframework.web.client.RestTemplate.exchange(RestTemplate.java:646) ~[spring-web-6.0.11.jar:6.0.11]
	at org.springframework.boot.actuate.autoconfigure.tracing.zipkin.ZipkinRestTemplateSender$RestTemplateHttpPostCall.doExecute(ZipkinRestTemplateSender.java:68) ~[spring-boot-actuator-autoconfigure-3.1.3.jar:3.1.3]
	at org.springframework.boot.actuate.autoconfigure.tracing.zipkin.ZipkinRestTemplateSender$RestTemplateHttpPostCall.doExecute(ZipkinRestTemplateSender.java:48) ~[spring-boot-actuator-autoconfigure-3.1.3.jar:3.1.3]
	at zipkin2.Call$Base.execute(Call.java:391) ~[zipkin-2.23.2.jar:na]
	at zipkin2.reporter.AsyncReporter$BoundedAsyncReporter.flush(AsyncReporter.java:299) ~[zipkin-reporter-2.16.3.jar:na]
	at zipkin2.reporter.AsyncReporter$Flusher.run(AsyncReporter.java:378) ~[zipkin-reporter-2.16.3.jar:na]
	at java.base/java.lang.Thread.run(Thread.java:842) ~[na:na]
Caused by: java.net.SocketTimeoutException: Read timed out
	at java.base/sun.nio.ch.NioSocketImpl.timedRead(NioSocketImpl.java:288) ~[na:na]
	at java.base/sun.nio.ch.NioSocketImpl.implRead(NioSocketImpl.java:314) ~[na:na]
	at java.base/sun.nio.ch.NioSocketImpl.read(NioSocketImpl.java:355) ~[na:na]
	at java.base/sun.nio.ch.NioSocketImpl$1.read(NioSocketImpl.java:808) ~[na:na]
	at java.base/java.net.Socket$SocketInputStream.read(Socket.java:966) ~[na:na]
	at java.base/java.io.BufferedInputStream.fill(BufferedInputStream.java:244) ~[na:na]
	at java.base/java.io.BufferedInputStream.read1(BufferedInputStream.java:284) ~[na:na]
	at java.base/java.io.BufferedInputStream.read(BufferedInputStream.java:343) ~[na:na]
	at java.base/sun.net.www.http.HttpClient.parseHTTPHeader(HttpClient.java:827) ~[na:na]
	at java.base/sun.net.www.http.HttpClient.parseHTTP(HttpClient.java:762) ~[na:na]
	at java.base/sun.net.www.protocol.http.HttpURLConnection.getInputStream0(HttpURLConnection.java:1709) ~[na:na]
	at java.base/sun.net.www.protocol.http.HttpURLConnection.getInputStream(HttpURLConnection.java:1610) ~[na:na]
	at java.base/java.net.HttpURLConnection.getResponseCode(HttpURLConnection.java:529) ~[na:na]
	at org.springframework.http.client.SimpleClientHttpResponse.getStatusCode(SimpleClientHttpResponse.java:56) ~[spring-web-6.0.11.jar:6.0.11]
	at org.springframework.web.client.DefaultResponseErrorHandler.hasError(DefaultResponseErrorHandler.java:83) ~[spring-web-6.0.11.jar:6.0.11]
	at org.springframework.web.client.RestTemplate.handleResponse(RestTemplate.java:904) ~[spring-web-6.0.11.jar:6.0.11]
	at org.springframework.web.client.RestTemplate.doExecute(RestTemplate.java:864) ~[spring-web-6.0.11.jar:6.0.11]
	... 8 common frames omitted

]]></system-out>
    <system-err><![CDATA[http://localhost:59714/api/v2/spans?serviceName=spring-micrometer-tracing-demo
["http get /status"]
["http get /status"]
["http get /status"]
["http get /status"]
["http get /status"]
["http get /status"]
["http get /status"]
["http get /status"]
["http get /status"]
["http get /status"]
["http get /status"]
["http get /status"]
["http get /status"]
["http get /status"]
["http get /status"]
["http get /status"]
["http get /status"]
["http get /status"]
["http get /status"]
["http get /status"]
["http get /status"]
["http get /status"]
["http get /status"]
["http get /status"]
["http get /status"]
["http get /status"]
["http get /status"]
["http get /status"]
["http get /status"]
["http get /status"]
["http get /status"]
["http get /status"]
["http get /status"]
["http get /status"]
["http get /status"]
["http get /status"]
["http get /status"]
["http get /status"]
["http get /status"]
["http get /status"]
["http get /status"]
["http get /status"]
["http get /status"]
["http get /status"]
["http get /status"]
["http get /status"]
["http get /status"]
["http get /status"]
["http get /status"]
["http get /status"]
["http get /status"]
["http get /status"]
["http get /status"]
["http get /status"]
["http get /status"]
["http get /status"]
["http get /status"]
["http get /status"]
["http get /status"]
["http get /status"]
["http get /status"]
["http get /status"]
["http get /status"]
["http get /status"]
["http get /status"]
["http get /status"]
["http get /status"]
["http get /status"]
["http get /status"]
["http get /status"]
["http get /status"]
["http get /status"]
["http get /status"]
["http get /status"]
["http get /status"]
["http get /status"]
["http get /status"]
["http get /status"]
["http get /status"]
["http get /status"]
["http get /status"]
["http get /status"]
["http get /status"]
["http get /status"]
["http get /status"]
["http get /status"]
["http get /status"]
["http get /status"]
["http get /status"]
["http get /status"]
["http get /status"]
["http get /status"]
["http get /status"]
["http get /status"]
["http get /status"]
["http get /status"]
["http get /status"]
["http get /status"]
["http get /status"]
["http get /status"]
]]></system-err>
  </testcase>
</testsuite>